<?xml version="1.0" encoding="UTF-8"?>
<robot generator="Robot 4.0.3 (Python 3.9.5 on win32)" generated="20220308 14:30:20.753" rpa="false" schemaversion="2">
<suite id="s1" name="Shipper" source="C:\Users\Lenovo\Documents\shipper\shipeerskill\shipper.robot">
<test id="s1-t1" name="User Able Filter by Tercepat">
<kw name="Given Open Shipper website in chrome">
<kw name="Open Browser" library="Selenium2Library">
<arg>${url}</arg>
<arg>${browser}</arg>
<doc>Opens a new browser instance to the optional ``url``.</doc>
<msg timestamp="20220308 14:30:21.137" level="INFO">Opening browser 'chrome' to base url 'https://shipper.id/'.</msg>
<status status="PASS" starttime="20220308 14:30:21.137" endtime="20220308 14:30:25.926"/>
</kw>
<kw name="Maximize Browser Window" library="Selenium2Library">
<doc>Maximizes current browser window.</doc>
<status status="PASS" starttime="20220308 14:30:25.927" endtime="20220308 14:30:26.058"/>
</kw>
<status status="PASS" starttime="20220308 14:30:21.136" endtime="20220308 14:30:26.059"/>
</kw>
<kw name="And Scroll cari tarif">
<kw name="Set Selenium Speed" library="Selenium2Library">
<arg>0.8</arg>
<doc>Sets the delay that is waited after each Selenium command.</doc>
<status status="PASS" starttime="20220308 14:30:26.063" endtime="20220308 14:30:26.064"/>
</kw>
<kw name="Scroll Element Into View" library="Selenium2Library">
<arg>${SCRL_CARI_TARIF}</arg>
<doc>Scrolls the element identified by ``locator`` into view.</doc>
<status status="PASS" starttime="20220308 14:30:26.064" endtime="20220308 14:30:28.045"/>
</kw>
<status status="PASS" starttime="20220308 14:30:26.062" endtime="20220308 14:30:28.045"/>
</kw>
<kw name="When Input Asal">
<kw name="Set Selenium Speed" library="Selenium2Library">
<arg>0.8</arg>
<doc>Sets the delay that is waited after each Selenium command.</doc>
<status status="PASS" starttime="20220308 14:30:28.047" endtime="20220308 14:30:28.047"/>
</kw>
<kw name="Input Text" library="Selenium2Library">
<arg>${ASAL_FIELD}</arg>
<arg>Balaraja, Balaraja, Tangerang, Kab., Banten</arg>
<doc>Types the given ``text`` into the text field identified by ``locator``.</doc>
<msg timestamp="20220308 14:30:28.048" level="INFO">Typing text 'Balaraja, Balaraja, Tangerang, Kab., Banten' into text field 'xpath=//*[@id="ratesFrom"]'.</msg>
<status status="PASS" starttime="20220308 14:30:28.047" endtime="20220308 14:30:30.716"/>
</kw>
<kw name="Press Keys" library="Selenium2Library">
<arg>${ASAL_FIELD}</arg>
<arg>ENTER</arg>
<doc>Simulates the user pressing key(s) to an element or on the active browser.</doc>
<msg timestamp="20220308 14:30:30.717" level="INFO">Sending key(s) ('ENTER',) to xpath=//*[@id="ratesFrom"] element.</msg>
<msg timestamp="20220308 14:30:32.627" level="INFO">Pressing special key ENTER to element.</msg>
<msg timestamp="20220308 14:30:32.627" level="INFO">Releasing special key ENTER.</msg>
<status status="PASS" starttime="20220308 14:30:30.716" endtime="20220308 14:30:33.436"/>
</kw>
<status status="PASS" starttime="20220308 14:30:28.046" endtime="20220308 14:30:33.436"/>
</kw>
<kw name="And Input Tujuan">
<kw name="Set Selenium Speed" library="Selenium2Library">
<arg>0.8</arg>
<doc>Sets the delay that is waited after each Selenium command.</doc>
<status status="PASS" starttime="20220308 14:30:33.438" endtime="20220308 14:30:33.438"/>
</kw>
<kw name="Input Text" library="Selenium2Library">
<arg>${TUJUAN_FIELD}</arg>
<arg>Cipete Utara, Kebayoran Baru, Jakarta Selatan, DKI Jakarta</arg>
<doc>Types the given ``text`` into the text field identified by ``locator``.</doc>
<msg timestamp="20220308 14:30:33.439" level="INFO">Typing text 'Cipete Utara, Kebayoran Baru, Jakarta Selatan, DKI Jakarta' into text field 'xpath=//*[@id="ratesTo"]'.</msg>
<status status="PASS" starttime="20220308 14:30:33.438" endtime="20220308 14:30:36.136"/>
</kw>
<kw name="Press Keys" library="Selenium2Library">
<arg>${TUJUAN_FIELD}</arg>
<arg>ENTER</arg>
<doc>Simulates the user pressing key(s) to an element or on the active browser.</doc>
<msg timestamp="20220308 14:30:36.136" level="INFO">Sending key(s) ('ENTER',) to xpath=//*[@id="ratesTo"] element.</msg>
<msg timestamp="20220308 14:30:38.038" level="INFO">Pressing special key ENTER to element.</msg>
<msg timestamp="20220308 14:30:38.038" level="INFO">Releasing special key ENTER.</msg>
<status status="PASS" starttime="20220308 14:30:36.136" endtime="20220308 14:30:38.857"/>
</kw>
<status status="PASS" starttime="20220308 14:30:33.437" endtime="20220308 14:30:38.857"/>
</kw>
<kw name="When Input Berat">
<kw name="Set Selenium Speed" library="Selenium2Library">
<arg>0.8</arg>
<doc>Sets the delay that is waited after each Selenium command.</doc>
<status status="PASS" starttime="20220308 14:30:38.858" endtime="20220308 14:30:38.858"/>
</kw>
<kw name="Input Text" library="Selenium2Library">
<arg>${BERAT_FIELD}</arg>
<arg>1</arg>
<doc>Types the given ``text`` into the text field identified by ``locator``.</doc>
<msg timestamp="20220308 14:30:38.859" level="INFO">Typing text '1' into text field 'xpath=//*[@id="ratesWeight"]'.</msg>
<status status="PASS" starttime="20220308 14:30:38.859" endtime="20220308 14:30:41.380"/>
</kw>
<status status="PASS" starttime="20220308 14:30:38.858" endtime="20220308 14:30:41.380"/>
</kw>
<kw name="When Click button cari tarif">
<kw name="Set Selenium Speed" library="Selenium2Library">
<arg>0.8</arg>
<doc>Sets the delay that is waited after each Selenium command.</doc>
<status status="PASS" starttime="20220308 14:30:41.381" endtime="20220308 14:30:41.382"/>
</kw>
<kw name="Click Element" library="Selenium2Library">
<arg>${CARI_TARIF_BTN}</arg>
<doc>Click the element identified by ``locator``.</doc>
<msg timestamp="20220308 14:30:41.382" level="INFO">Clicking element 'xpath=//*[@id="home-button-rates"]'.</msg>
<status status="PASS" starttime="20220308 14:30:41.382" endtime="20220308 14:30:43.133"/>
</kw>
<status status="PASS" starttime="20220308 14:30:41.381" endtime="20220308 14:30:43.133"/>
</kw>
<kw name="Then Preview tarif pengiriman">
<kw name="Wait Until Element Is Visible" library="Selenium2Library">
<arg>${VRFY_TARIF_PENGIRIMAN}</arg>
<doc>Waits until the element ``locator`` is visible.</doc>
<status status="PASS" starttime="20220308 14:30:43.134" endtime="20220308 14:30:44.777"/>
</kw>
<status status="PASS" starttime="20220308 14:30:43.134" endtime="20220308 14:30:44.777"/>
</kw>
<kw name="When Click urutkan">
<kw name="Set Selenium Speed" library="Selenium2Library">
<arg>0.8</arg>
<doc>Sets the delay that is waited after each Selenium command.</doc>
<status status="PASS" starttime="20220308 14:30:44.778" endtime="20220308 14:30:44.778"/>
</kw>
<kw name="Click Element" library="Selenium2Library">
<arg>${URUTKAN_CMBBOX}</arg>
<doc>Click the element identified by ``locator``.</doc>
<msg timestamp="20220308 14:30:44.779" level="INFO">Clicking element 'xpath=/html/body/div/main/section[2]/div/div/div[1]/div[3]/div[2]/div/select'.</msg>
<kw name="Capture Page Screenshot" library="Selenium2Library">
<doc>Takes a screenshot of the current page and embeds it into a log file.</doc>
<msg timestamp="20220308 14:30:46.509" level="INFO" html="true">&lt;/td&gt;&lt;/tr&gt;&lt;tr&gt;&lt;td colspan="3"&gt;&lt;a href="selenium-screenshot-8.png"&gt;&lt;img src="selenium-screenshot-8.png" width="800px"&gt;&lt;/a&gt;</msg>
<status status="PASS" starttime="20220308 14:30:45.597" endtime="20220308 14:30:46.510"/>
</kw>
<msg timestamp="20220308 14:30:46.513" level="FAIL">Element with locator 'xpath=/html/body/div/main/section[2]/div/div/div[1]/div[3]/div[2]/div/select' not found.</msg>
<status status="FAIL" starttime="20220308 14:30:44.779" endtime="20220308 14:30:46.513"/>
</kw>
<status status="FAIL" starttime="20220308 14:30:44.778" endtime="20220308 14:30:46.513"/>
</kw>
<kw name="And Select Termurah">
<status status="NOT RUN" starttime="20220308 14:30:46.514" endtime="20220308 14:30:46.514"/>
</kw>
<kw name="Then Preview filter by Termurah">
<status status="NOT RUN" starttime="20220308 14:30:46.515" endtime="20220308 14:30:46.515"/>
</kw>
<status status="FAIL" starttime="20220308 14:30:21.135" endtime="20220308 14:30:46.515">Element with locator 'xpath=/html/body/div/main/section[2]/div/div/div[1]/div[3]/div[2]/div/select' not found.</status>
</test>
<status status="FAIL" starttime="20220308 14:30:20.754" endtime="20220308 14:30:46.519"/>
</suite>
<statistics>
<total>
<stat pass="0" fail="1" skip="0">All Tests</stat>
</total>
<tag>
</tag>
<suite>
<stat pass="0" fail="1" skip="0" id="s1" name="Shipper">Shipper</stat>
</suite>
</statistics>
<errors>
</errors>
</robot>
